{"C:\\projects\\ReactMentoring\\src\\index.js": {"path":"C:\\projects\\ReactMentoring\\src\\index.js","statementMap":{"0":{"start":{"line":5,"column":0},"end":{"line":5,"column":56}}},"fnMap":{},"branchMap":{},"s":{"0":0},"f":{},"b":{},"hash":"c8a2a96c270c2c81e94b0e6cacb8c904b663e23b"}
,"C:\\projects\\ReactMentoring\\src\\components\\Card\\Card.jsx": {"path":"C:\\projects\\ReactMentoring\\src\\components\\Card\\Card.jsx","statementMap":{"0":{"start":{"line":7,"column":8},"end":{"line":7,"column":44}},"1":{"start":{"line":11,"column":22},"end":{"line":11,"column":38}},"2":{"start":{"line":12,"column":28},"end":{"line":12,"column":70}},"3":{"start":{"line":13,"column":7},"end":{"line":27,"column":8}},"4":{"start":{"line":22,"column":16},"end":{"line":22,"column":82}}},"fnMap":{"0":{"name":"(anonymous_0)","decl":{"start":{"line":6,"column":4},"end":{"line":6,"column":5}},"loc":{"start":{"line":6,"column":22},"end":{"line":8,"column":5}},"line":6},"1":{"name":"(anonymous_1)","decl":{"start":{"line":10,"column":4},"end":{"line":10,"column":5}},"loc":{"start":{"line":10,"column":13},"end":{"line":28,"column":5}},"line":10},"2":{"name":"(anonymous_2)","decl":{"start":{"line":21,"column":40},"end":{"line":21,"column":41}},"loc":{"start":{"line":22,"column":16},"end":{"line":22,"column":82}},"line":22}},"branchMap":{},"s":{"0":0,"1":1,"2":1,"3":1,"4":2},"f":{"0":0,"1":1,"2":2},"b":{},"_coverageSchema":"43e27e138ebf9cfc5966b082cf9a028302ed4184","hash":"c75d5483f2a464128a644e9dc0ca6557f964c9f6"}
,"C:\\projects\\ReactMentoring\\src\\components\\Header\\Header.jsx": {"path":"C:\\projects\\ReactMentoring\\src\\components\\Header\\Header.jsx","statementMap":{"0":{"start":{"line":8,"column":7},"end":{"line":15,"column":8}}},"fnMap":{"0":{"name":"(anonymous_0)","decl":{"start":{"line":7,"column":4},"end":{"line":7,"column":5}},"loc":{"start":{"line":7,"column":13},"end":{"line":16,"column":5}},"line":7}},"branchMap":{},"s":{"0":1},"f":{"0":1},"b":{},"_coverageSchema":"43e27e138ebf9cfc5966b082cf9a028302ed4184","hash":"23c8ad99a95b20741b63a381b6b6e64f3bc860c3"}
,"C:\\projects\\ReactMentoring\\src\\components\\Search\\Search.jsx": {"path":"C:\\projects\\ReactMentoring\\src\\components\\Search\\Search.jsx","statementMap":{"0":{"start":{"line":7,"column":4},"end":{"line":22,"column":6}}},"fnMap":{"0":{"name":"(anonymous_0)","decl":{"start":{"line":6,"column":2},"end":{"line":6,"column":3}},"loc":{"start":{"line":6,"column":11},"end":{"line":23,"column":3}},"line":6}},"branchMap":{},"s":{"0":1},"f":{"0":1},"b":{},"_coverageSchema":"43e27e138ebf9cfc5966b082cf9a028302ed4184","hash":"04b837a3fbac4bf8f5880674f9def1aa3985534f"}
,"C:\\projects\\ReactMentoring\\src\\components\\SearchSort\\SearchSort.jsx": {"path":"C:\\projects\\ReactMentoring\\src\\components\\SearchSort\\SearchSort.jsx","statementMap":{"0":{"start":{"line":8,"column":7},"end":{"line":16,"column":8}}},"fnMap":{"0":{"name":"(anonymous_0)","decl":{"start":{"line":5,"column":4},"end":{"line":5,"column":5}},"loc":{"start":{"line":5,"column":15},"end":{"line":6,"column":5}},"line":5},"1":{"name":"(anonymous_1)","decl":{"start":{"line":7,"column":4},"end":{"line":7,"column":5}},"loc":{"start":{"line":7,"column":13},"end":{"line":17,"column":5}},"line":7}},"branchMap":{},"s":{"0":1},"f":{"0":1,"1":1},"b":{},"_coverageSchema":"43e27e138ebf9cfc5966b082cf9a028302ed4184","hash":"9ead6b14d165071b37283c2d5a79d37e1930c934"}
,"C:\\projects\\ReactMentoring\\src\\containers\\App.jsx": {"path":"C:\\projects\\ReactMentoring\\src\\containers\\App.jsx","statementMap":{"0":{"start":{"line":12,"column":4},"end":{"line":12,"column":17}},"1":{"start":{"line":14,"column":4},"end":{"line":17,"column":6}},"2":{"start":{"line":22,"column":4},"end":{"line":26,"column":37}},"3":{"start":{"line":23,"column":19},"end":{"line":25,"column":8}},"4":{"start":{"line":26,"column":20},"end":{"line":26,"column":36}},"5":{"start":{"line":31,"column":6},"end":{"line":38,"column":8}},"6":{"start":{"line":35,"column":64},"end":{"line":35,"column":104}}},"fnMap":{"0":{"name":"(anonymous_0)","decl":{"start":{"line":11,"column":2},"end":{"line":11,"column":3}},"loc":{"start":{"line":11,"column":21},"end":{"line":19,"column":3}},"line":11},"1":{"name":"(anonymous_1)","decl":{"start":{"line":21,"column":2},"end":{"line":21,"column":3}},"loc":{"start":{"line":21,"column":22},"end":{"line":27,"column":3}},"line":21},"2":{"name":"(anonymous_2)","decl":{"start":{"line":23,"column":12},"end":{"line":23,"column":13}},"loc":{"start":{"line":23,"column":19},"end":{"line":25,"column":8}},"line":23},"3":{"name":"(anonymous_3)","decl":{"start":{"line":26,"column":13},"end":{"line":26,"column":14}},"loc":{"start":{"line":26,"column":20},"end":{"line":26,"column":36}},"line":26},"4":{"name":"(anonymous_4)","decl":{"start":{"line":30,"column":4},"end":{"line":30,"column":5}},"loc":{"start":{"line":30,"column":13},"end":{"line":39,"column":5}},"line":30},"5":{"name":"(anonymous_5)","decl":{"start":{"line":35,"column":55},"end":{"line":35,"column":56}},"loc":{"start":{"line":35,"column":64},"end":{"line":35,"column":104}},"line":35}},"branchMap":{},"s":{"0":1,"1":1,"2":1,"3":1,"4":0,"5":2,"6":1},"f":{"0":1,"1":1,"2":1,"3":0,"4":2,"5":1},"b":{},"_coverageSchema":"43e27e138ebf9cfc5966b082cf9a028302ed4184","hash":"d2561d06be54797d70ee09c85bea436b4ac3a427"}
,"C:\\projects\\ReactMentoring\\src\\services\\http-services.js": {"path":"C:\\projects\\ReactMentoring\\src\\services\\http-services.js","statementMap":{"0":{"start":{"line":2,"column":25},"end":{"line":6,"column":1}},"1":{"start":{"line":3,"column":4},"end":{"line":5,"column":39}},"2":{"start":{"line":4,"column":21},"end":{"line":4,"column":31}},"3":{"start":{"line":5,"column":22},"end":{"line":5,"column":38}}},"fnMap":{"0":{"name":"(anonymous_0)","decl":{"start":{"line":2,"column":25},"end":{"line":2,"column":26}},"loc":{"start":{"line":2,"column":46},"end":{"line":6,"column":1}},"line":2},"1":{"name":"(anonymous_1)","decl":{"start":{"line":4,"column":14},"end":{"line":4,"column":15}},"loc":{"start":{"line":4,"column":21},"end":{"line":4,"column":31}},"line":4},"2":{"name":"(anonymous_2)","decl":{"start":{"line":5,"column":15},"end":{"line":5,"column":16}},"loc":{"start":{"line":5,"column":22},"end":{"line":5,"column":38}},"line":5}},"branchMap":{},"s":{"0":1,"1":1,"2":1,"3":0},"f":{"0":1,"1":1,"2":0},"b":{},"_coverageSchema":"43e27e138ebf9cfc5966b082cf9a028302ed4184","hash":"dcfde333ed1654b9c094f66ebe585c1c074bbda4"}
}
