TN:
SF:C:\projects\ReactMentoring\src\index.js
FNF:0
FNH:0
DA:5,0
LF:1
LH:0
BRF:0
BRH:0
end_of_record
TN:
SF:C:\projects\ReactMentoring\src\components\Card\Card.jsx
FN:6,(anonymous_0)
FN:10,(anonymous_1)
FN:21,(anonymous_2)
FNF:3
FNH:2
FNDA:0,(anonymous_0)
FNDA:1,(anonymous_1)
FNDA:2,(anonymous_2)
DA:7,0
DA:11,1
DA:12,1
DA:13,1
DA:22,2
LF:5
LH:4
BRF:0
BRH:0
end_of_record
TN:
SF:C:\projects\ReactMentoring\src\components\Header\Header.jsx
FN:7,(anonymous_0)
FNF:1
FNH:1
FNDA:1,(anonymous_0)
DA:8,1
LF:1
LH:1
BRF:0
BRH:0
end_of_record
TN:
SF:C:\projects\ReactMentoring\src\components\Search\Search.jsx
FN:6,(anonymous_0)
FNF:1
FNH:1
FNDA:1,(anonymous_0)
DA:7,1
LF:1
LH:1
BRF:0
BRH:0
end_of_record
TN:
SF:C:\projects\ReactMentoring\src\components\SearchSort\SearchSort.jsx
FN:5,(anonymous_0)
FN:7,(anonymous_1)
FNF:2
FNH:2
FNDA:1,(anonymous_0)
FNDA:1,(anonymous_1)
DA:8,1
LF:1
LH:1
BRF:0
BRH:0
end_of_record
TN:
SF:C:\projects\ReactMentoring\src\containers\App.jsx
FN:11,(anonymous_0)
FN:21,(anonymous_1)
FN:23,(anonymous_2)
FN:26,(anonymous_3)
FN:30,(anonymous_4)
FN:35,(anonymous_5)
FNF:6
FNH:5
FNDA:1,(anonymous_0)
FNDA:1,(anonymous_1)
FNDA:1,(anonymous_2)
FNDA:0,(anonymous_3)
FNDA:2,(anonymous_4)
FNDA:1,(anonymous_5)
DA:12,1
DA:14,1
DA:22,1
DA:23,1
DA:26,0
DA:31,2
DA:35,1
LF:7
LH:6
BRF:0
BRH:0
end_of_record
TN:
SF:C:\projects\ReactMentoring\src\services\http-services.js
FN:2,(anonymous_0)
FN:4,(anonymous_1)
FN:5,(anonymous_2)
FNF:3
FNH:2
FNDA:1,(anonymous_0)
FNDA:1,(anonymous_1)
FNDA:0,(anonymous_2)
DA:2,1
DA:3,1
DA:4,1
DA:5,0
LF:4
LH:3
BRF:0
BRH:0
end_of_record
